INFO:django.utils.autoreload:/home/aviatx/Documents/projects/TH_task/apps/tasks/services.py changed, reloading.
INFO:root:db queries log for <bound method PathView._sync_view of <ninja.operation.PathView object at 0x7f9fcb1ccc90>>:

INFO:root:Query: SELECT "tasks_task"."id", "tasks_task"."is_deleted", "tasks_task"."created_at", "tasks_task"."updated_at", "tasks_task"."code", "tasks_task"."description" FROM "tasks_task" WHERE (NOT "tasks_task"."is_deleted" AND "tasks_task"."id" = 5) LIMIT 21
INFO:root:Query time: 0.001
INFO:root:Query: SELECT "col1", "col2", "col3", "col4", "col5", "col6", "col7", "col8" FROM ( SELECT * FROM ( SELECT "tasks_cw"."id" AS "col1", "tasks_cw"."is_deleted" AS "col2", "tasks_cw"."created_at" AS "col3", "tasks_cw"."updated_at" AS "col4", "tasks_cw"."task_id" AS "col5", "tasks_cw"."perform_date" AS "col6", "tasks_cw"."next_due_date" AS "col7", "tasks_cw"."adj_mos" AS "col8", ROW_NUMBER() OVER (PARTITION BY "tasks_cw"."task_id") AS "qual0" FROM "tasks_cw" WHERE (NOT "tasks_cw"."is_deleted" AND "tasks_cw"."task_id" IN (5)) ) "qualify" WHERE ("qual0" > 0 AND "qual0" <= 5) ) "qualify_mask"
INFO:root:Query time: 0.001
INFO:root:Query: SELECT "tasks_requirements"."id", "tasks_requirements"."is_deleted", "tasks_requirements"."created_at", "tasks_requirements"."updated_at", "tasks_requirements"."task_id", "tasks_requirements"."due_months", "tasks_requirements"."due_months_unit", "tasks_requirements"."tol_pos_mos", "tasks_requirements"."tol_neg_mos", "tasks_requirements"."tol_mos_unit", "tasks_requirements"."is_active" FROM "tasks_requirements" WHERE ("tasks_requirements"."is_active" AND "tasks_requirements"."task_id" IN (5))
INFO:root:Query time: 0.001
INFO:root:TOTAL QUERIES: 3
INFO:root:TOTAL TIME:  0.003

INFO:django.utils.autoreload:/home/aviatx/Documents/projects/TH_task/apps/tasks/services.py changed, reloading.
INFO:root:db queries log for <bound method PathView._sync_view of <ninja.operation.PathView object at 0x7fd8baff4b50>>:

INFO:root:TOTAL QUERIES: 0
INFO:root:TOTAL TIME:  0.0

ERROR:django.request:Internal Server Error: /api/tasks/5/
INFO:root:db queries log for <bound method PathView._sync_view of <ninja.operation.PathView object at 0x7fd8ba7c5a90>>:

INFO:root:Query: SELECT COUNT(*) AS "__count" FROM "tasks_task" WHERE NOT "tasks_task"."is_deleted"
INFO:root:Query time: 0.001
INFO:root:Query: SELECT "tasks_task"."id", "tasks_task"."is_deleted", "tasks_task"."created_at", "tasks_task"."updated_at", "tasks_task"."code", "tasks_task"."description" FROM "tasks_task" WHERE NOT "tasks_task"."is_deleted" ORDER BY "tasks_task"."code" ASC, "tasks_task"."description" ASC LIMIT 10
INFO:root:Query time: 0.001
INFO:root:Query: SELECT "col1", "col2", "col3", "col4", "col5", "col6", "col7", "col8" FROM ( SELECT * FROM ( SELECT "tasks_cw"."id" AS "col1", "tasks_cw"."is_deleted" AS "col2", "tasks_cw"."created_at" AS "col3", "tasks_cw"."updated_at" AS "col4", "tasks_cw"."task_id" AS "col5", "tasks_cw"."perform_date" AS "col6", "tasks_cw"."next_due_date" AS "col7", "tasks_cw"."adj_mos" AS "col8", ROW_NUMBER() OVER (PARTITION BY "tasks_cw"."task_id" ORDER BY "tasks_cw"."perform_date" DESC) AS "qual0" FROM "tasks_cw" WHERE (NOT "tasks_cw"."is_deleted" AND "tasks_cw"."task_id" IN (6, 7, 9, 3, 4, 10, 8, 1, 2, 5)) ORDER BY "tasks_cw"."perform_date" DESC ) "qualify" WHERE ("qual0" > 0 AND "qual0" <= 1) ) "qualify_mask" ORDER BY "col6" DESC
INFO:root:Query time: 0.001
INFO:root:Query: SELECT "tasks_requirements"."id", "tasks_requirements"."is_deleted", "tasks_requirements"."created_at", "tasks_requirements"."updated_at", "tasks_requirements"."task_id", "tasks_requirements"."due_months", "tasks_requirements"."due_months_unit", "tasks_requirements"."tol_pos_mos", "tasks_requirements"."tol_neg_mos", "tasks_requirements"."tol_mos_unit", "tasks_requirements"."is_active" FROM "tasks_requirements" WHERE ("tasks_requirements"."is_active" AND "tasks_requirements"."task_id" IN (6, 7, 9, 3, 4, 10, 8, 1, 2, 5))
INFO:root:Query time: 0.001
INFO:root:TOTAL QUERIES: 4
INFO:root:TOTAL TIME:  0.004

INFO:django.utils.autoreload:/home/aviatx/Documents/projects/TH_task/apps/tasks/api.py changed, reloading.
INFO:root:db queries log for <bound method PathView._sync_view of <ninja.operation.PathView object at 0x7fd67fbb5c90>>:

INFO:root:Query: SELECT COUNT(*) AS "__count" FROM "tasks_task" WHERE NOT "tasks_task"."is_deleted"
INFO:root:Query time: 0.001
INFO:root:Query: SELECT "tasks_task"."id", "tasks_task"."is_deleted", "tasks_task"."created_at", "tasks_task"."updated_at", "tasks_task"."code", "tasks_task"."description" FROM "tasks_task" WHERE NOT "tasks_task"."is_deleted" ORDER BY "tasks_task"."code" ASC, "tasks_task"."description" ASC LIMIT 10
INFO:root:Query time: 0.001
INFO:root:Query: SELECT "col1", "col2", "col3", "col4", "col5", "col6", "col7", "col8" FROM ( SELECT * FROM ( SELECT "tasks_cw"."id" AS "col1", "tasks_cw"."is_deleted" AS "col2", "tasks_cw"."created_at" AS "col3", "tasks_cw"."updated_at" AS "col4", "tasks_cw"."task_id" AS "col5", "tasks_cw"."perform_date" AS "col6", "tasks_cw"."next_due_date" AS "col7", "tasks_cw"."adj_mos" AS "col8", ROW_NUMBER() OVER (PARTITION BY "tasks_cw"."task_id" ORDER BY "tasks_cw"."perform_date" DESC) AS "qual0" FROM "tasks_cw" WHERE (NOT "tasks_cw"."is_deleted" AND "tasks_cw"."task_id" IN (6, 7, 9, 3, 4, 10, 8, 1, 2, 5)) ORDER BY "tasks_cw"."perform_date" DESC ) "qualify" WHERE ("qual0" > 0 AND "qual0" <= 1) ) "qualify_mask" ORDER BY "col6" DESC
INFO:root:Query time: 0.001
INFO:root:Query: SELECT "tasks_requirements"."id", "tasks_requirements"."is_deleted", "tasks_requirements"."created_at", "tasks_requirements"."updated_at", "tasks_requirements"."task_id", "tasks_requirements"."due_months", "tasks_requirements"."due_months_unit", "tasks_requirements"."tol_pos_mos", "tasks_requirements"."tol_neg_mos", "tasks_requirements"."tol_mos_unit", "tasks_requirements"."is_active" FROM "tasks_requirements" WHERE ("tasks_requirements"."is_active" AND "tasks_requirements"."task_id" IN (6, 7, 9, 3, 4, 10, 8, 1, 2, 5))
INFO:root:Query time: 0.000
INFO:root:TOTAL QUERIES: 4
INFO:root:TOTAL TIME:  0.003

INFO:root:db queries log for <bound method PathView._sync_view of <ninja.operation.PathView object at 0x7fd6803f1050>>:

INFO:root:Query: SELECT "tasks_task"."id", "tasks_task"."is_deleted", "tasks_task"."created_at", "tasks_task"."updated_at", "tasks_task"."code", "tasks_task"."description" FROM "tasks_task" WHERE (NOT "tasks_task"."is_deleted" AND "tasks_task"."id" = 5) LIMIT 21
INFO:root:Query time: 0.001
INFO:root:Query: SELECT "col1", "col2", "col3", "col4", "col5", "col6", "col7", "col8" FROM ( SELECT * FROM ( SELECT "tasks_cw"."id" AS "col1", "tasks_cw"."is_deleted" AS "col2", "tasks_cw"."created_at" AS "col3", "tasks_cw"."updated_at" AS "col4", "tasks_cw"."task_id" AS "col5", "tasks_cw"."perform_date" AS "col6", "tasks_cw"."next_due_date" AS "col7", "tasks_cw"."adj_mos" AS "col8", ROW_NUMBER() OVER (PARTITION BY "tasks_cw"."task_id") AS "qual0" FROM "tasks_cw" WHERE (NOT "tasks_cw"."is_deleted" AND "tasks_cw"."task_id" IN (5)) ) "qualify" WHERE ("qual0" > 0 AND "qual0" <= 5) ) "qualify_mask"
INFO:root:Query time: 0.001
INFO:root:Query: SELECT "tasks_requirements"."id", "tasks_requirements"."is_deleted", "tasks_requirements"."created_at", "tasks_requirements"."updated_at", "tasks_requirements"."task_id", "tasks_requirements"."due_months", "tasks_requirements"."due_months_unit", "tasks_requirements"."tol_pos_mos", "tasks_requirements"."tol_neg_mos", "tasks_requirements"."tol_mos_unit", "tasks_requirements"."is_active" FROM "tasks_requirements" WHERE ("tasks_requirements"."is_active" AND "tasks_requirements"."task_id" IN (5))
INFO:root:Query time: 0.000
INFO:root:TOTAL QUERIES: 3
INFO:root:TOTAL TIME:  0.002

INFO:django.utils.autoreload:/home/aviatx/Documents/projects/TH_task/apps/tasks/services.py changed, reloading.
INFO:root:db queries log for <bound method PathView._sync_view of <ninja.operation.PathView object at 0x7fcd48bf0b10>>:

INFO:root:Query: SELECT "tasks_task"."id", "tasks_task"."is_deleted", "tasks_task"."created_at", "tasks_task"."updated_at", "tasks_task"."code", "tasks_task"."description" FROM "tasks_task" WHERE (NOT "tasks_task"."is_deleted" AND "tasks_task"."id" = 5) LIMIT 21
INFO:root:Query time: 0.001
INFO:root:Query: SELECT "col1", "col2", "col3", "col4", "col5", "col6", "col7", "col8" FROM ( SELECT * FROM ( SELECT "tasks_cw"."id" AS "col1", "tasks_cw"."is_deleted" AS "col2", "tasks_cw"."created_at" AS "col3", "tasks_cw"."updated_at" AS "col4", "tasks_cw"."task_id" AS "col5", "tasks_cw"."perform_date" AS "col6", "tasks_cw"."next_due_date" AS "col7", "tasks_cw"."adj_mos" AS "col8", ROW_NUMBER() OVER (PARTITION BY "tasks_cw"."task_id") AS "qual0" FROM "tasks_cw" WHERE (NOT "tasks_cw"."is_deleted" AND "tasks_cw"."task_id" IN (5)) ) "qualify" WHERE ("qual0" > 0 AND "qual0" <= 5) ) "qualify_mask"
INFO:root:Query time: 0.001
INFO:root:Query: SELECT "tasks_requirements"."id", "tasks_requirements"."is_deleted", "tasks_requirements"."created_at", "tasks_requirements"."updated_at", "tasks_requirements"."task_id", "tasks_requirements"."due_months", "tasks_requirements"."due_months_unit", "tasks_requirements"."tol_pos_mos", "tasks_requirements"."tol_neg_mos", "tasks_requirements"."tol_mos_unit", "tasks_requirements"."is_active" FROM "tasks_requirements" WHERE ("tasks_requirements"."is_active" AND "tasks_requirements"."task_id" IN (5))
INFO:root:Query time: 0.001
INFO:root:TOTAL QUERIES: 3
INFO:root:TOTAL TIME:  0.003

INFO:django.utils.autoreload:/home/aviatx/Documents/projects/TH_task/apps/tasks/services.py changed, reloading.
